<?xml version="1.0" encoding="UTF-8"?>
<testng-results ignored="0" total="1" passed="1" failed="0" skipped="0">
  <reporter-output>
  </reporter-output>
  <suite started-at="2026-06-26T23:38:33 IST" name="OrangeHRM Automation Suite" finished-at="2026-06-26T23:39:08 IST" duration-ms="34988">
    <groups>
    </groups>
    <test started-at="2026-06-26T23:38:33 IST" name="OrangeHRM Add User Test" finished-at="2026-06-26T23:39:08 IST" duration-ms="34988">
      <class name="piston.Orangehrm">
        <test-method signature="LoginandAddUserOrangheHrm()[pri:0, instance:piston.Orangehrm@25d250c6]" started-at="2026-06-26T23:38:33 IST" name="LoginandAddUserOrangheHrm" finished-at="2026-06-26T23:39:08 IST" duration-ms="34970" status="PASS">
          <reporter-output>
          </reporter-output>
        </test-method> <!-- LoginandAddUserOrangheHrm -->
      </class> <!-- piston.Orangehrm -->
    </test> <!-- OrangeHRM Add User Test -->
  </suite> <!-- OrangeHRM Automation Suite -->
</testng-results>
